[2025-03-11 17:53:39,754 : INFO : common : yaml file : config\config.yaml loaded successfully]
[2025-03-11 17:53:39,756 : INFO : common : yaml file : params.yaml loaded successfully]
[2025-03-11 17:53:39,758 : INFO : common : created directory at: artifacts]
[2025-03-11 17:53:39,759 : INFO : common : created directory at: artifacts/data_ingestion]
[2025-03-11 19:39:27,090 : INFO : main : >>>>> Data Ingestion Stage Started <<<<<]
[2025-03-11 19:39:27,091 : INFO : common : yaml file : config\config.yaml loaded successfully]
[2025-03-11 19:39:27,092 : INFO : common : yaml file : params.yaml loaded successfully]
[2025-03-11 19:39:27,092 : INFO : common : created directory at: artifacts]
[2025-03-11 19:39:27,093 : INFO : common : created directory at: artifacts/data_ingestion]
[2025-03-11 19:39:27,093 : INFO : data_ingestion :  Downloading data from https://drive.google.com/file/d/15QjiJBAVfpVMwEqW2dBw3kqfCbPF5BLu/view?usp=sharing into artifacts/data_ingestion/data.zip]
[2025-03-11 19:39:36,875 : INFO : data_ingestion : Data from https://drive.google.com/file/d/15QjiJBAVfpVMwEqW2dBw3kqfCbPF5BLu/view?usp=sharing downloaded successfully into artifacts/data_ingestion/data.zip]
[2025-03-11 19:39:37,297 : INFO : main : >>>>> Data Ingestion Stage Completed <<<<<

x=====x]
[2025-03-11 19:43:15,751 : INFO : main : >>>>> Data Ingestion Stage Started <<<<<]
[2025-03-11 19:43:15,752 : INFO : common : yaml file : config\config.yaml loaded successfully]
[2025-03-11 19:43:15,753 : INFO : common : yaml file : params.yaml loaded successfully]
[2025-03-11 19:43:15,753 : INFO : common : created directory at: artifacts]
[2025-03-11 19:43:15,755 : INFO : common : created directory at: artifacts/data_ingestion]
[2025-03-11 19:43:15,755 : INFO : data_ingestion :  Downloading data from https://drive.google.com/file/d/15QjiJBAVfpVMwEqW2dBw3kqfCbPF5BLu/view?usp=sharing into artifacts/data_ingestion/data.zip]
[2025-03-11 19:43:25,713 : INFO : data_ingestion : Data from https://drive.google.com/file/d/15QjiJBAVfpVMwEqW2dBw3kqfCbPF5BLu/view?usp=sharing downloaded successfully into artifacts/data_ingestion/data.zip]
[2025-03-11 19:43:26,158 : INFO : main : >>>>> Data Ingestion Stage Completed <<<<<

x=====x]
[2025-03-11 19:45:26,492 : INFO : main : >>>>>>>>>>>>>>>>>>>>>>>>> Data Ingestion Stage Started <<<<<<<<<<<<<<<<<<<<<<<<]
[2025-03-11 19:45:26,493 : INFO : common : yaml file : config\config.yaml loaded successfully]
[2025-03-11 19:45:26,493 : INFO : common : yaml file : params.yaml loaded successfully]
[2025-03-11 19:45:26,494 : INFO : common : created directory at: artifacts]
[2025-03-11 19:45:26,494 : INFO : common : created directory at: artifacts/data_ingestion]
[2025-03-11 19:45:26,495 : INFO : data_ingestion :  Downloading data from https://drive.google.com/file/d/15QjiJBAVfpVMwEqW2dBw3kqfCbPF5BLu/view?usp=sharing into artifacts/data_ingestion/data.zip]
[2025-03-11 19:45:36,088 : INFO : data_ingestion : Data from https://drive.google.com/file/d/15QjiJBAVfpVMwEqW2dBw3kqfCbPF5BLu/view?usp=sharing downloaded successfully into artifacts/data_ingestion/data.zip]
[2025-03-11 19:45:36,530 : INFO : main : >>>>>>>>>>>>>>>>>>>>>>>>> Data Ingestion Stage Started <<<<<<<<<<<<<<<<<<<<<<<<

x======================================x]
[2025-03-12 11:59:22,580 : INFO : common : yaml file : config\config.yaml loaded successfully]
[2025-03-12 11:59:22,592 : INFO : common : yaml file : params.yaml loaded successfully]
[2025-03-12 11:59:22,594 : INFO : common : created directory at: artifacts]
[2025-03-12 11:59:22,594 : INFO : common : created directory at: artifacts/base_model]
[2025-03-12 11:59:46,212 : INFO : common : yaml file : config\config.yaml loaded successfully]
[2025-03-12 11:59:46,221 : INFO : common : yaml file : params.yaml loaded successfully]
[2025-03-12 11:59:46,221 : INFO : common : created directory at: artifacts]
[2025-03-12 11:59:46,221 : INFO : common : created directory at: artifacts/base_model]
[2025-03-12 12:00:31,339 : INFO : common : yaml file : config\config.yaml loaded successfully]
[2025-03-12 12:00:31,342 : INFO : common : yaml file : params.yaml loaded successfully]
[2025-03-12 12:00:31,343 : INFO : common : created directory at: artifacts]
[2025-03-12 12:00:31,344 : INFO : common : created directory at: artifacts/base_model]
[2025-03-12 12:01:28,408 : INFO : common : yaml file : config\config.yaml loaded successfully]
[2025-03-12 12:01:28,410 : INFO : common : yaml file : params.yaml loaded successfully]
[2025-03-12 12:01:28,411 : INFO : common : created directory at: artifacts]
[2025-03-12 12:01:28,411 : INFO : common : created directory at: artifacts/base_model]
[2025-03-12 12:01:28,627 : WARNING : saving_api : You are saving your model as an HDF5 file via `model.save()` or `keras.saving.save_model(model)`. This file format is considered legacy. We recommend using instead the native Keras format, e.g. `model.save('my_model.keras')` or `keras.saving.save_model(model, 'my_model.keras')`. ]
[2025-03-12 12:02:44,384 : INFO : common : yaml file : config\config.yaml loaded successfully]
[2025-03-12 12:02:44,386 : INFO : common : yaml file : params.yaml loaded successfully]
[2025-03-12 12:02:44,387 : INFO : common : created directory at: artifacts]
[2025-03-12 12:02:44,388 : INFO : common : created directory at: artifacts/base_model]
[2025-03-12 12:02:44,598 : WARNING : saving_api : You are saving your model as an HDF5 file via `model.save()` or `keras.saving.save_model(model)`. This file format is considered legacy. We recommend using instead the native Keras format, e.g. `model.save('my_model.keras')` or `keras.saving.save_model(model, 'my_model.keras')`. ]
[2025-03-12 12:03:14,408 : INFO : common : yaml file : config\config.yaml loaded successfully]
[2025-03-12 12:03:14,410 : INFO : common : yaml file : params.yaml loaded successfully]
[2025-03-12 12:03:14,411 : INFO : common : created directory at: artifacts]
[2025-03-12 12:03:14,411 : INFO : common : created directory at: artifacts/base_model]
[2025-03-12 12:03:14,633 : WARNING : saving_api : You are saving your model as an HDF5 file via `model.save()` or `keras.saving.save_model(model)`. This file format is considered legacy. We recommend using instead the native Keras format, e.g. `model.save('my_model.keras')` or `keras.saving.save_model(model, 'my_model.keras')`. ]
[2025-03-12 12:05:17,040 : INFO : common : yaml file : config\config.yaml loaded successfully]
[2025-03-12 12:05:17,042 : INFO : common : yaml file : params.yaml loaded successfully]
[2025-03-12 12:05:17,043 : INFO : common : created directory at: artifacts]
[2025-03-12 12:05:17,044 : INFO : common : created directory at: artifacts/base_model]
[2025-03-12 12:05:17,269 : WARNING : saving_api : You are saving your model as an HDF5 file via `model.save()` or `keras.saving.save_model(model)`. This file format is considered legacy. We recommend using instead the native Keras format, e.g. `model.save('my_model.keras')` or `keras.saving.save_model(model, 'my_model.keras')`. ]
[2025-03-12 12:07:19,045 : INFO : common : yaml file : config\config.yaml loaded successfully]
[2025-03-12 12:07:19,047 : INFO : common : yaml file : params.yaml loaded successfully]
[2025-03-12 12:07:19,048 : INFO : common : created directory at: artifacts]
[2025-03-12 12:07:19,049 : INFO : common : created directory at: artifacts/base_model]
[2025-03-12 12:07:19,268 : WARNING : saving_api : You are saving your model as an HDF5 file via `model.save()` or `keras.saving.save_model(model)`. This file format is considered legacy. We recommend using instead the native Keras format, e.g. `model.save('my_model.keras')` or `keras.saving.save_model(model, 'my_model.keras')`. ]
[2025-03-12 12:08:45,781 : INFO : common : yaml file : config\config.yaml loaded successfully]
[2025-03-12 12:08:45,782 : INFO : common : yaml file : params.yaml loaded successfully]
[2025-03-12 12:08:45,783 : INFO : common : created directory at: artifacts]
[2025-03-12 12:08:45,784 : INFO : common : created directory at: artifacts/base_model]
[2025-03-12 12:08:45,986 : WARNING : saving_api : You are saving your model as an HDF5 file via `model.save()` or `keras.saving.save_model(model)`. This file format is considered legacy. We recommend using instead the native Keras format, e.g. `model.save('my_model.keras')` or `keras.saving.save_model(model, 'my_model.keras')`. ]
[2025-03-12 12:08:46,093 : WARNING : saving_api : You are saving your model as an HDF5 file via `model.save()` or `keras.saving.save_model(model)`. This file format is considered legacy. We recommend using instead the native Keras format, e.g. `model.save('my_model.keras')` or `keras.saving.save_model(model, 'my_model.keras')`. ]
[2025-03-12 12:48:09,484 : INFO : main : >>>>>>>>>>>>>>>>>>>>>>>>>>>>>Data Ingestion Stage Started <<<<<<<<<<<<<<<<<<<<<<<<<<<<<<<]
[2025-03-12 12:48:09,484 : INFO : common : yaml file : config\config.yaml loaded successfully]
[2025-03-12 12:48:09,484 : INFO : common : yaml file : params.yaml loaded successfully]
[2025-03-12 12:48:09,484 : INFO : common : created directory at: artifacts]
[2025-03-12 12:48:09,484 : INFO : common : created directory at: artifacts/data_ingestion]
[2025-03-12 12:48:09,484 : INFO : data_ingestion :  Downloading data from https://drive.google.com/file/d/15QjiJBAVfpVMwEqW2dBw3kqfCbPF5BLu/view?usp=sharing into artifacts/data_ingestion/data.zip]
[2025-03-12 12:48:19,530 : INFO : data_ingestion : Data from https://drive.google.com/file/d/15QjiJBAVfpVMwEqW2dBw3kqfCbPF5BLu/view?usp=sharing downloaded successfully into artifacts/data_ingestion/data.zip]
[2025-03-12 12:48:19,948 : INFO : main : >>>>>>>>>>>>>>>>>>>>>>>>>>>>>Data Ingestion Stage Completed <<<<<<<<<<<<<<<<<<<<<<<<<<<<<<<

x=====================================================x]
[2025-03-12 12:48:19,948 : INFO : main : >>>>>>>>>>>>>>>>>>>>>>>>>>>>>BASE MODEL PREPARATION Started <<<<<<<<<<<<<<<<<<<<<<<<<<<<<<<]
[2025-03-12 12:48:19,948 : INFO : common : yaml file : config\config.yaml loaded successfully]
[2025-03-12 12:48:19,955 : INFO : common : yaml file : params.yaml loaded successfully]
[2025-03-12 12:48:19,955 : INFO : common : created directory at: artifacts]
[2025-03-12 12:48:19,955 : INFO : common : created directory at: artifacts/base_model]
[2025-03-12 12:48:20,251 : WARNING : saving_api : You are saving your model as an HDF5 file via `model.save()` or `keras.saving.save_model(model)`. This file format is considered legacy. We recommend using instead the native Keras format, e.g. `model.save('my_model.keras')` or `keras.saving.save_model(model, 'my_model.keras')`. ]
[2025-03-12 12:48:20,354 : WARNING : saving_api : You are saving your model as an HDF5 file via `model.save()` or `keras.saving.save_model(model)`. This file format is considered legacy. We recommend using instead the native Keras format, e.g. `model.save('my_model.keras')` or `keras.saving.save_model(model, 'my_model.keras')`. ]
[2025-03-12 12:48:20,440 : INFO : main : >>>>>>>>>>>>>>>>>>>>>>>>>>>>>BASE MODEL PREPARATION Completed <<<<<<<<<<<<<<<<<<<<<<<<<<<<<<<

x=====================================================x]
